[ 10175.346] 
X.Org X Server 1.19.6
Release Date: 2017-12-20
[ 10175.346] X Protocol Version 11, Revision 0
[ 10175.346] Build Operating System: Linux 4.15.6-1-ARCH x86_64 
[ 10175.346] Current Operating System: Linux n2 4.16.8-1-ARCH #1 SMP PREEMPT Wed May 9 11:25:02 UTC 2018 x86_64
[ 10175.346] Kernel command line: BOOT_IMAGE=/boot/vmlinuz-linux root=/dev/sda6
[ 10175.347] Build Date: 12 April 2018  05:31:07AM
[ 10175.347]  
[ 10175.347] Current version of pixman: 0.34.0
[ 10175.347] 	Before reporting problems, check http://wiki.x.org
	to make sure that you have the latest version.
[ 10175.347] Markers: (--) probed, (**) from config file, (==) default setting,
	(++) from command line, (!!) notice, (II) informational,
	(WW) warning, (EE) error, (NI) not implemented, (??) unknown.
[ 10175.348] (==) Log file: "/home/kaustubh/.local/share/xorg/Xorg.1.log", Time: Wed May 16 01:35:05 2018
[ 10175.348] (==) Using config file: "/etc/X11/xorg.conf"
[ 10175.348] (==) Using system config directory "/usr/share/X11/xorg.conf.d"
[ 10175.409] (==) ServerLayout "Layout0"
[ 10175.409] (**) |-->Screen "Screen0" (0)
[ 10175.409] (**) |   |-->Monitor "Monitor0"
[ 10175.410] (**) |   |-->Device "Device0"
[ 10175.410] (**) |-->Input Device "Keyboard0"
[ 10175.410] (**) |-->Input Device "Mouse0"
[ 10175.410] (==) Automatically adding devices
[ 10175.410] (==) Automatically enabling devices
[ 10175.410] (==) Automatically adding GPU devices
[ 10175.410] (==) Automatically binding GPU devices
[ 10175.410] (==) Max clients allowed: 256, resource mask: 0x1fffff
[ 10175.410] (WW) `fonts.dir' not found (or not valid) in "/usr/share/fonts/misc/".
[ 10175.410] 	Entry deleted from font path.
[ 10175.410] 	(Run 'mkfontdir' on "/usr/share/fonts/misc/").
[ 10175.410] (WW) `fonts.dir' not found (or not valid) in "/usr/share/fonts/TTF/".
[ 10175.410] 	Entry deleted from font path.
[ 10175.410] 	(Run 'mkfontdir' on "/usr/share/fonts/TTF/").
[ 10175.410] (WW) The directory "/usr/share/fonts/OTF/" does not exist.
[ 10175.410] 	Entry deleted from font path.
[ 10175.410] (WW) The directory "/usr/share/fonts/Type1/" does not exist.
[ 10175.410] 	Entry deleted from font path.
[ 10175.410] (WW) `fonts.dir' not found (or not valid) in "/usr/share/fonts/100dpi/".
[ 10175.410] 	Entry deleted from font path.
[ 10175.410] 	(Run 'mkfontdir' on "/usr/share/fonts/100dpi/").
[ 10175.410] (WW) `fonts.dir' not found (or not valid) in "/usr/share/fonts/75dpi/".
[ 10175.410] 	Entry deleted from font path.
[ 10175.410] 	(Run 'mkfontdir' on "/usr/share/fonts/75dpi/").
[ 10175.411] (==) FontPath set to:
	
[ 10175.411] (==) ModulePath set to "/usr/lib/xorg/modules"
[ 10175.411] (WW) Hotplugging is on, devices using drivers 'kbd', 'mouse' or 'vmmouse' will be disabled.
[ 10175.411] (WW) Disabling Keyboard0
[ 10175.411] (WW) Disabling Mouse0
[ 10175.411] (II) Loader magic: 0x56208cbfcd60
[ 10175.411] (II) Module ABI versions:
[ 10175.411] 	X.Org ANSI C Emulation: 0.4
[ 10175.411] 	X.Org Video Driver: 23.0
[ 10175.411] 	X.Org XInput driver : 24.1
[ 10175.411] 	X.Org Server Extension : 10.0
[ 10175.412] (++) using VT number 2

[ 10175.416] (II) systemd-logind: took control of session /org/freedesktop/login1/session/c8
[ 10175.417] (II) xfree86: Adding drm device (/dev/dri/card1)
[ 10175.418] (II) systemd-logind: got fd for /dev/dri/card1 226:1 fd 11 paused 0
[ 10175.419] (II) xfree86: Adding drm device (/dev/dri/card0)
[ 10175.420] (II) systemd-logind: got fd for /dev/dri/card0 226:0 fd 12 paused 0
[ 10175.424] (--) PCI:*(0:0:2:0) 8086:5916:17aa:38e2 rev 2, Mem @ 0x92000000/16777216, 0xa0000000/268435456, I/O @ 0x00005000/64, BIOS @ 0x????????/131072
[ 10175.424] (--) PCI: (0:1:0:0) 10de:134d:17aa:38e2 rev 162, Mem @ 0x93000000/16777216, 0x80000000/268435456, 0x90000000/33554432, I/O @ 0x00004000/128
[ 10175.425] (WW) Open ACPI failed (/var/run/acpid.socket) (No such file or directory)
[ 10175.425] (II) LoadModule: "glx"
[ 10175.441] (II) Loading /usr/lib/xorg/modules/extensions/libglx.so
[ 10175.455] (II) Module glx: vendor="X.Org Foundation"
[ 10175.455] 	compiled for 1.19.6, module version = 1.0.0
[ 10175.455] 	ABI class: X.Org Server Extension, version 10.0
[ 10175.455] (II) LoadModule: "nvidia"
[ 10175.474] (WW) Warning, couldn't open module nvidia
[ 10175.474] (II) UnloadModule: "nvidia"
[ 10175.474] (II) Unloading nvidia
[ 10175.474] (EE) Failed to load module "nvidia" (module does not exist, 0)
[ 10175.474] (EE) No drivers available.
[ 10175.474] (EE) 
Fatal server error:
[ 10175.474] (EE) no screens found(EE) 
[ 10175.474] (EE) 
Please consult the The X.Org Foundation support 
	 at http://wiki.x.org
 for help. 
[ 10175.474] (EE) Please also check the log file at "/home/kaustubh/.local/share/xorg/Xorg.1.log" for additional information.
[ 10175.474] (EE) 
[ 10175.525] (EE) Server terminated with error (1). Closing log file.
