[   109.239] (--) Log file renamed from "/home/kaustubh/.local/share/xorg/Xorg.pid-1433.log" to "/home/kaustubh/.local/share/xorg/Xorg.0.log"
[   109.252] (WW) Failed to open protocol names file lib/xorg/protocol.txt
[   109.252] 
X.Org X Server 1.20.5
X Protocol Version 11, Revision 0
[   109.253] Build Operating System: Linux Arch Linux
[   109.253] Current Operating System: Linux n2 5.1.9-arch1-1-ARCH #1 SMP PREEMPT Tue Jun 11 16:18:09 UTC 2019 x86_64
[   109.253] Kernel command line: BOOT_IMAGE=/boot/vmlinuz-linux root=/dev/sda6
[   109.253] Build Date: 30 May 2019  06:44:40PM
[   109.253]  
[   109.253] Current version of pixman: 0.38.4
[   109.253] 	Before reporting problems, check http://wiki.x.org
	to make sure that you have the latest version.
[   109.253] Markers: (--) probed, (**) from config file, (==) default setting,
	(++) from command line, (!!) notice, (II) informational,
	(WW) warning, (EE) error, (NI) not implemented, (??) unknown.
[   109.253] (==) Log file: "/home/kaustubh/.local/share/xorg/Xorg.0.log", Time: Mon Jul  1 12:22:21 2019
[   109.335] (==) Using system config directory "/usr/share/X11/xorg.conf.d"
[   109.384] (==) No Layout section.  Using the first Screen section.
[   109.384] (==) No screen section available. Using defaults.
[   109.384] (**) |-->Screen "Default Screen Section" (0)
[   109.384] (**) |   |-->Monitor "<default monitor>"
[   109.385] (==) No device specified for screen "Default Screen Section".
	Using the first device section listed.
[   109.385] (**) |   |-->Device "card0"
[   109.385] (==) No monitor specified for screen "Default Screen Section".
	Using a default monitor configuration.
[   109.385] (==) Automatically adding devices
[   109.385] (==) Automatically enabling devices
[   109.385] (==) Automatically adding GPU devices
[   109.385] (==) Automatically binding GPU devices
[   109.385] (==) Max clients allowed: 256, resource mask: 0x1fffff
[   109.385] (WW) The directory "/usr/share/fonts/Type1" does not exist.
[   109.385] 	Entry deleted from font path.
[   109.385] (WW) `fonts.dir' not found (or not valid) in "/usr/share/fonts/100dpi".
[   109.386] 	Entry deleted from font path.
[   109.386] 	(Run 'mkfontdir' on "/usr/share/fonts/100dpi").
[   109.386] (WW) `fonts.dir' not found (or not valid) in "/usr/share/fonts/75dpi".
[   109.386] 	Entry deleted from font path.
[   109.386] 	(Run 'mkfontdir' on "/usr/share/fonts/75dpi").
[   109.386] (==) FontPath set to:
	/usr/share/fonts/misc,
	/usr/share/fonts/TTF,
	/usr/share/fonts/OTF
[   109.386] (==) ModulePath set to "/usr/lib/xorg/modules"
[   109.386] (II) The server relies on udev to provide the list of input devices.
	If no devices become available, reconfigure udev or disable AutoAddDevices.
[   109.386] (II) Module ABI versions:
[   109.386] 	X.Org ANSI C Emulation: 0.4
[   109.386] 	X.Org Video Driver: 24.0
[   109.386] 	X.Org XInput driver : 24.1
[   109.386] 	X.Org Server Extension : 10.0
[   109.388] (++) using VT number 2

[   109.393] (II) systemd-logind: took control of session /org/freedesktop/login1/session/_32
[   109.395] (II) xfree86: Adding drm device (/dev/dri/card0)
[   109.398] (II) systemd-logind: got fd for /dev/dri/card0 226:0 fd 11 paused 0
[   109.403] (--) PCI:*(0@0:2:0) 8086:5916:17aa:38e2 rev 2, Mem @ 0x92000000/16777216, 0xa0000000/268435456, I/O @ 0x00005000/64, BIOS @ 0x????????/131072
[   109.404] (--) PCI: (1@0:0:0) 10de:134d:17aa:38e2 rev 162, Mem @ 0x93000000/16777216, 0x80000000/268435456, 0x90000000/33554432, I/O @ 0x00004000/128
[   109.404] (WW) Open ACPI failed (/var/run/acpid.socket) (No such file or directory)
[   109.404] (II) LoadModule: "glx"
[   109.436] (II) Loading /usr/lib/xorg/modules/extensions/libglx.so
[   109.456] (II) Module glx: vendor="X.Org Foundation"
[   109.456] 	compiled for 1.20.5, module version = 1.0.0
[   109.456] 	ABI class: X.Org Server Extension, version 10.0
[   109.456] (II) LoadModule: "intel"
[   109.456] (II) Loading /usr/lib/xorg/modules/drivers/intel_drv.so
[   109.515] (II) Module intel: vendor="X.Org Foundation"
[   109.515] 	compiled for 1.20.4, module version = 2.99.917
[   109.515] 	Module class: X.Org Video Driver
[   109.515] 	ABI class: X.Org Video Driver, version 24.0
[   109.515] (II) intel: Driver for Intel(R) Integrated Graphics Chipsets:
	i810, i810-dc100, i810e, i815, i830M, 845G, 854, 852GM/855GM, 865G,
	915G, E7221 (i915), 915GM, 945G, 945GM, 945GME, Pineview GM,
	Pineview G, 965G, G35, 965Q, 946GZ, 965GM, 965GME/GLE, G33, Q35, Q33,
	GM45, 4 Series, G45/G43, Q45/Q43, G41, B43
[   109.516] (II) intel: Driver for Intel(R) HD Graphics
[   109.516] (II) intel: Driver for Intel(R) Iris(TM) Graphics
[   109.516] (II) intel: Driver for Intel(R) Iris(TM) Pro Graphics
[   109.516] xf86EnableIOPorts: failed to set IOPL for I/O (Operation not permitted)
[   109.517] (II) intel(0): Using Kernel Mode Setting driver: i915, version 1.6.0 20190207
[   109.517] (II) intel(0): SNA compiled from 2.99.917-863-g6afed33b
[   109.532] (WW) VGA arbiter: cannot open kernel arbiter, no multi-card support
[   109.533] (--) intel(0): Integrated Graphics Chipset: Intel(R) HD Graphics 620
[   109.533] (--) intel(0): CPU: x86-64, sse2, sse3, ssse3, sse4.1, sse4.2, avx, avx2; using a maximum of 2 threads
[   109.533] (II) intel(0): Creating default Display subsection in Screen section
	"Default Screen Section" for depth/fbbpp 24/32
[   109.533] (==) intel(0): Depth 24, (--) framebuffer bpp 32
[   109.533] (==) intel(0): RGB weight 888
[   109.533] (==) intel(0): Default visual is TrueColor
[   109.533] (**) intel(0): Option "Backlight" "intel_backlight"
[   109.534] (II) intel(0): Output eDP1 has no monitor section
[   109.555] (**) intel(0): Found backlight control interface intel_backlight (type 'raw') for output eDP1
[   109.555] (II) intel(0): Enabled output eDP1
[   109.555] (II) intel(0): Output HDMI1 has no monitor section
[   109.555] (II) intel(0): Enabled output HDMI1
[   109.555] (--) intel(0): Using a maximum size of 256x256 for hardware cursors
[   109.556] (II) intel(0): Output VIRTUAL1 has no monitor section
[   109.556] (II) intel(0): Enabled output VIRTUAL1
[   109.556] (--) intel(0): Output eDP1 using initial mode 1920x1080 on pipe 0
[   109.556] (==) intel(0): TearFree disabled
[   109.556] (==) intel(0): Using gamma correction (1.0, 1.0, 1.0)
[   109.556] (==) intel(0): DPI set to (96, 96)
[   109.556] (II) Loading sub module "dri3"
[   109.556] (II) LoadModule: "dri3"
[   109.557] (II) Module "dri3" already built-in
[   109.557] (II) Loading sub module "dri2"
[   109.557] (II) LoadModule: "dri2"
[   109.557] (II) Module "dri2" already built-in
[   109.557] (II) Loading sub module "present"
[   109.557] (II) LoadModule: "present"
[   109.557] (II) Module "present" already built-in
[   109.593] (II) intel(0): SNA initialized with Kabylake (gen9) backend
[   109.593] (==) intel(0): Backing store enabled
[   109.593] (==) intel(0): Silken mouse disabled
[   109.593] (II) intel(0): HW Cursor enabled
[   109.594] (==) intel(0): DPMS enabled
[   109.594] (==) intel(0): Display hotplug detection enabled
[   109.599] (II) intel(0): [DRI2] Setup complete
[   109.599] (II) intel(0): [DRI2]   DRI driver: i965
[   109.599] (II) intel(0): [DRI2]   VDPAU driver: va_gl
[   109.599] (II) intel(0): direct rendering: DRI2 DRI3 enabled
[   109.599] (II) intel(0): hardware support for Present enabled
[   109.599] (II) Initializing extension Generic Event Extension
[   109.599] (II) Initializing extension SHAPE
[   109.599] (II) Initializing extension MIT-SHM
[   109.599] (II) Initializing extension XInputExtension
[   109.600] (II) Initializing extension XTEST
[   109.600] (II) Initializing extension BIG-REQUESTS
[   109.600] (II) Initializing extension SYNC
[   109.600] (II) Initializing extension XKEYBOARD
[   109.600] (II) Initializing extension XC-MISC
[   109.600] (II) Initializing extension SECURITY
[   109.600] (II) Initializing extension XFIXES
[   109.600] (II) Initializing extension RENDER
[   109.600] (II) Initializing extension RANDR
[   109.600] (II) Initializing extension COMPOSITE
[   109.600] (II) Initializing extension DAMAGE
[   109.600] (II) Initializing extension MIT-SCREEN-SAVER
[   109.600] (II) Initializing extension DOUBLE-BUFFER
[   109.600] (II) Initializing extension RECORD
[   109.600] (II) Initializing extension DPMS
[   109.600] (II) Initializing extension Present
[   109.600] (II) Initializing extension DRI3
[   109.600] (II) Initializing extension X-Resource
[   109.600] (II) Initializing extension XVideo
[   109.600] (II) Initializing extension XVideo-MotionCompensation
[   109.600] (II) Initializing extension GLX
[   109.626] (II) AIGLX: Loaded and initialized i965
[   109.626] (II) GLX: Initialized DRI2 GL provider for screen 0
[   109.627] (II) Initializing extension XFree86-VidModeExtension
[   109.627] (II) Initializing extension XFree86-DGA
[   109.627] (II) Initializing extension XFree86-DRI
[   109.627] (II) Initializing extension DRI2
[   109.634] (II) intel(0): switch to mode 1920x1080@60.0 on eDP1 using pipe 0, position (0, 0), rotation normal, reflection none
[   109.649] (II) intel(0): Setting screen physical size to 508 x 285
[   109.732] (II) config/udev: Adding input device Video Bus (/dev/input/event6)
[   109.732] (**) Video Bus: Applying InputClass "libinput keyboard catchall"
[   109.732] (II) LoadModule: "libinput"
[   109.733] (II) Loading /usr/lib/xorg/modules/input/libinput_drv.so
[   109.744] (II) Module libinput: vendor="X.Org Foundation"
[   109.744] 	compiled for 1.20.3, module version = 0.28.2
[   109.744] 	Module class: X.Org XInput Driver
[   109.744] 	ABI class: X.Org XInput driver, version 24.1
[   109.744] (II) Using input driver 'libinput' for 'Video Bus'
[   109.747] (II) systemd-logind: got fd for /dev/input/event6 13:70 fd 16 paused 0
[   109.747] (**) Video Bus: always reports core events
[   109.747] (**) Option "Device" "/dev/input/event6"
[   109.747] (**) Option "_source" "server/udev"
[   109.753] (II) event6  - Video Bus: is tagged by udev as: Keyboard
[   109.753] (II) event6  - Video Bus: device is a keyboard
[   109.753] (II) event6  - Video Bus: device removed
[   109.753] (**) Option "config_info" "udev:/sys/devices/LNXSYSTM:00/LNXSYBUS:00/PNP0A08:00/LNXVIDEO:00/input/input7/event6"
[   109.754] (II) XINPUT: Adding extended input device "Video Bus" (type: KEYBOARD, id 6)
[   109.757] (II) event6  - Video Bus: is tagged by udev as: Keyboard
[   109.757] (II) event6  - Video Bus: device is a keyboard
[   109.758] (II) config/udev: Adding input device Video Bus (/dev/input/event7)
[   109.758] (**) Video Bus: Applying InputClass "libinput keyboard catchall"
[   109.759] (II) Using input driver 'libinput' for 'Video Bus'
[   109.761] (II) systemd-logind: got fd for /dev/input/event7 13:71 fd 19 paused 0
[   109.761] (**) Video Bus: always reports core events
[   109.761] (**) Option "Device" "/dev/input/event7"
[   109.761] (**) Option "_source" "server/udev"
[   109.765] (II) event7  - Video Bus: is tagged by udev as: Keyboard
[   109.765] (II) event7  - Video Bus: device is a keyboard
[   109.766] (II) event7  - Video Bus: device removed
[   109.766] (**) Option "config_info" "udev:/sys/devices/LNXSYSTM:00/LNXSYBUS:00/PNP0A08:00/device:32/LNXVIDEO:01/input/input8/event7"
[   109.766] (II) XINPUT: Adding extended input device "Video Bus" (type: KEYBOARD, id 7)
[   109.770] (II) event7  - Video Bus: is tagged by udev as: Keyboard
[   109.770] (II) event7  - Video Bus: device is a keyboard
[   109.771] (II) config/udev: Adding input device Power Button (/dev/input/event1)
[   109.771] (**) Power Button: Applying InputClass "libinput keyboard catchall"
[   109.771] (II) Using input driver 'libinput' for 'Power Button'
[   109.773] (II) systemd-logind: got fd for /dev/input/event1 13:65 fd 20 paused 0
[   109.773] (**) Power Button: always reports core events
[   109.773] (**) Option "Device" "/dev/input/event1"
[   109.773] (**) Option "_source" "server/udev"
[   109.776] (II) event1  - Power Button: is tagged by udev as: Keyboard
[   109.776] (II) event1  - Power Button: device is a keyboard
[   109.776] (II) event1  - Power Button: device removed
[   109.777] (**) Option "config_info" "udev:/sys/devices/LNXSYSTM:00/LNXSYBUS:00/PNP0C0C:00/input/input1/event1"
[   109.777] (II) XINPUT: Adding extended input device "Power Button" (type: KEYBOARD, id 8)
[   109.780] (II) event1  - Power Button: is tagged by udev as: Keyboard
[   109.780] (II) event1  - Power Button: device is a keyboard
[   109.782] (II) config/udev: Adding input device Lid Switch (/dev/input/event0)
[   109.782] (II) No input driver specified, ignoring this device.
[   109.782] (II) This device may have been added with another device file.
[   109.784] (II) config/udev: Adding input device EasyCamera: EasyCamera (/dev/input/event15)
[   109.785] (**) EasyCamera: EasyCamera: Applying InputClass "libinput keyboard catchall"
[   109.785] (II) Using input driver 'libinput' for 'EasyCamera: EasyCamera'
[   109.788] (II) systemd-logind: got fd for /dev/input/event15 13:79 fd 21 paused 0
[   109.788] (**) EasyCamera: EasyCamera: always reports core events
[   109.788] (**) Option "Device" "/dev/input/event15"
[   109.788] (**) Option "_source" "server/udev"
[   109.792] (II) event15 - EasyCamera: EasyCamera: is tagged by udev as: Keyboard
[   109.792] (II) event15 - EasyCamera: EasyCamera: device is a keyboard
[   109.792] (II) event15 - EasyCamera: EasyCamera: device removed
[   109.792] (**) Option "config_info" "udev:/sys/devices/pci0000:00/0000:00:14.0/usb1/1-8/1-8:1.0/input/input17/event15"
[   109.792] (II) XINPUT: Adding extended input device "EasyCamera: EasyCamera" (type: KEYBOARD, id 9)
[   109.796] (II) event15 - EasyCamera: EasyCamera: is tagged by udev as: Keyboard
[   109.796] (II) event15 - EasyCamera: EasyCamera: device is a keyboard
[   109.797] (II) config/udev: Adding input device Synaptics TM3336-001 (/dev/input/event14)
[   109.797] (**) Synaptics TM3336-001: Applying InputClass "libinput touchpad catchall"
[   109.797] (**) Synaptics TM3336-001: Applying InputClass "touchpad catchall"
[   109.797] (**) Synaptics TM3336-001: Applying InputClass "Default clickpad buttons"
[   109.797] (II) LoadModule: "synaptics"
[   109.798] (II) Loading /usr/lib/xorg/modules/input/synaptics_drv.so
[   109.813] (II) Module synaptics: vendor="X.Org Foundation"
[   109.813] 	compiled for 1.20.0, module version = 1.9.1
[   109.813] 	Module class: X.Org XInput Driver
[   109.813] 	ABI class: X.Org XInput driver, version 24.1
[   109.813] (II) Using input driver 'synaptics' for 'Synaptics TM3336-001'
[   109.815] (II) systemd-logind: got fd for /dev/input/event14 13:78 fd 22 paused 0
[   109.815] (**) Synaptics TM3336-001: always reports core events
[   109.815] (**) Option "Device" "/dev/input/event14"
[   109.816] (II) synaptics: Synaptics TM3336-001: found clickpad property
[   109.816] (--) synaptics: Synaptics TM3336-001: x-axis range 0 - 2033 (res 20)
[   109.816] (--) synaptics: Synaptics TM3336-001: y-axis range 0 - 1332 (res 20)
[   109.816] (--) synaptics: Synaptics TM3336-001: pressure range 0 - 255
[   109.816] (II) synaptics: Synaptics TM3336-001: device does not report finger width.
[   109.816] (--) synaptics: Synaptics TM3336-001: buttons: left double triple
[   109.816] (--) synaptics: Synaptics TM3336-001: Vendor 0x6cb Product 0x8251
[   109.816] (--) synaptics: Synaptics TM3336-001: invalid finger width range.  defaulting to 0 - 15
[   109.816] (**) Option "SoftButtonAreas" "50% 0 82% 0 0 0 0 0"
[   109.816] (--) synaptics: Synaptics TM3336-001: touchpad found
[   109.816] (**) Synaptics TM3336-001: always reports core events
[   109.816] (**) Option "config_info" "udev:/sys/devices/pci0000:00/0000:00:15.0/i2c_designware.0/i2c-1/i2c-SYNA2B33:00/0018:06CB:8251.0001/input/input11/event14"
[   109.816] (II) XINPUT: Adding extended input device "Synaptics TM3336-001" (type: TOUCHPAD, id 10)
[   109.816] (**) synaptics: Synaptics TM3336-001: (accel) MinSpeed is now constant deceleration 2.5
[   109.816] (**) synaptics: Synaptics TM3336-001: (accel) MaxSpeed is now 1.75
[   109.816] (**) synaptics: Synaptics TM3336-001: (accel) AccelFactor is now 0.082
[   109.817] (**) Synaptics TM3336-001: (accel) keeping acceleration scheme 1
[   109.817] (**) Synaptics TM3336-001: (accel) acceleration profile 1
[   109.817] (**) Synaptics TM3336-001: (accel) acceleration factor: 2.000
[   109.817] (**) Synaptics TM3336-001: (accel) acceleration threshold: 4
[   109.817] (--) synaptics: Synaptics TM3336-001: touchpad found
[   109.819] (II) config/udev: Adding input device Synaptics TM3336-001 (/dev/input/mouse0)
[   109.819] (**) Synaptics TM3336-001: Ignoring device from InputClass "touchpad ignore duplicates"
[   109.820] (II) config/udev: Adding input device Ideapad extra buttons (/dev/input/event4)
[   109.820] (**) Ideapad extra buttons: Applying InputClass "libinput keyboard catchall"
[   109.821] (II) Using input driver 'libinput' for 'Ideapad extra buttons'
[   109.823] (II) systemd-logind: got fd for /dev/input/event4 13:68 fd 23 paused 0
[   109.823] (**) Ideapad extra buttons: always reports core events
[   109.823] (**) Option "Device" "/dev/input/event4"
[   109.823] (**) Option "_source" "server/udev"
[   109.827] (II) event4  - Ideapad extra buttons: is tagged by udev as: Keyboard
[   109.827] (II) event4  - Ideapad extra buttons: device is a keyboard
[   109.827] (II) event4  - Ideapad extra buttons: device removed
[   109.827] (**) Option "config_info" "udev:/sys/devices/pci0000:00/0000:00:1f.0/PNP0C09:00/VPC2004:00/input/input4/event4"
[   109.827] (II) XINPUT: Adding extended input device "Ideapad extra buttons" (type: KEYBOARD, id 11)
[   109.830] (II) event4  - Ideapad extra buttons: is tagged by udev as: Keyboard
[   109.830] (II) event4  - Ideapad extra buttons: device is a keyboard
[   109.832] (II) config/udev: Adding input device HDA Intel PCH Headphone (/dev/input/event8)
[   109.832] (II) No input driver specified, ignoring this device.
[   109.832] (II) This device may have been added with another device file.
[   109.833] (II) config/udev: Adding input device HDA Intel PCH HDMI/DP,pcm=3 (/dev/input/event9)
[   109.833] (II) No input driver specified, ignoring this device.
[   109.833] (II) This device may have been added with another device file.
[   109.834] (II) config/udev: Adding input device HDA Intel PCH HDMI/DP,pcm=7 (/dev/input/event10)
[   109.834] (II) No input driver specified, ignoring this device.
[   109.834] (II) This device may have been added with another device file.
[   109.835] (II) config/udev: Adding input device HDA Intel PCH HDMI/DP,pcm=8 (/dev/input/event11)
[   109.835] (II) No input driver specified, ignoring this device.
[   109.835] (II) This device may have been added with another device file.
[   109.836] (II) config/udev: Adding input device HDA Intel PCH HDMI/DP,pcm=9 (/dev/input/event12)
[   109.836] (II) No input driver specified, ignoring this device.
[   109.836] (II) This device may have been added with another device file.
[   109.837] (II) config/udev: Adding input device HDA Intel PCH HDMI/DP,pcm=10 (/dev/input/event13)
[   109.837] (II) No input driver specified, ignoring this device.
[   109.837] (II) This device may have been added with another device file.
[   109.838] (II) config/udev: Adding input device HDA Intel PCH Mic (/dev/input/event5)
[   109.838] (II) No input driver specified, ignoring this device.
[   109.838] (II) This device may have been added with another device file.
[   109.839] (II) config/udev: Adding input device AT Translated Set 2 keyboard (/dev/input/event2)
[   109.839] (**) AT Translated Set 2 keyboard: Applying InputClass "libinput keyboard catchall"
[   109.839] (II) Using input driver 'libinput' for 'AT Translated Set 2 keyboard'
[   109.841] (II) systemd-logind: got fd for /dev/input/event2 13:66 fd 24 paused 0
[   109.841] (**) AT Translated Set 2 keyboard: always reports core events
[   109.841] (**) Option "Device" "/dev/input/event2"
[   109.841] (**) Option "_source" "server/udev"
[   109.844] (II) event2  - AT Translated Set 2 keyboard: is tagged by udev as: Keyboard
[   109.844] (II) event2  - AT Translated Set 2 keyboard: device is a keyboard
[   109.846] (II) event2  - AT Translated Set 2 keyboard: device removed
[   109.846] (**) Option "config_info" "udev:/sys/devices/platform/i8042/serio0/input/input2/event2"
[   109.846] (II) XINPUT: Adding extended input device "AT Translated Set 2 keyboard" (type: KEYBOARD, id 12)
[   109.849] (II) event2  - AT Translated Set 2 keyboard: is tagged by udev as: Keyboard
[   109.849] (II) event2  - AT Translated Set 2 keyboard: device is a keyboard
[   109.851] (II) config/udev: Adding input device PC Speaker (/dev/input/event3)
[   109.851] (II) No input driver specified, ignoring this device.
[   109.851] (II) This device may have been added with another device file.
[   111.596] (II) intel(0): EDID vendor "LGD", prod id 1424
[   111.596] (II) intel(0): Printing DDC gathered Modelines:
[   111.596] (II) intel(0): Modeline "1920x1080"x0.0  138.70  1920 1968 2000 2080  1080 1083 1088 1111 +hsync -vsync (66.7 kHz eP)
